<?xml version="1.0" encoding="UTF-8"?>
<!-- Generated by org.testng.reporters.JUnitXMLReporter -->
<testsuite ignored="0" hostname="MS" failures="0" tests="1" name="Default test(failed)" time="0.083" errors="0" timestamp="2024-06-30T23:18:46 IST">
  <testcase classname="testBase.BaseClass" name="@BeforeClass setUp" time="-1.719769726187E9">
    <failure type="org.testng.TestNGException" message="
Parameter &amp;apos;os&amp;apos; is required by BeforeClass on method setUp but has not been marked @Optional or defined
in C:\Users\MS\eclipse-workspace\BlueChipServicesInternational\test-output\Default suite\testng-failed.xml">
      <![CDATA[org.testng.TestNGException: 
Parameter 'os' is required by BeforeClass on method setUp but has not been marked @Optional or defined
in C:\Users\MS\eclipse-workspace\BlueChipServicesInternational\test-output\Default suite\testng-failed.xml
at java.base/java.util.ArrayList.forEach(ArrayList.java:1596)
... Removed 22 stack frames]]>
    </failure>
  </testcase> <!-- @BeforeClass setUp -->
  <testcase classname="testBase.BaseClass" name="@AfterClass tearDown" time="0.0">
    <skipped/>
  </testcase> <!-- @AfterClass tearDown -->
  <testcase classname="testCases.TC_001_HomePage" name="accountRegistration" time="0.001">
    <skipped/>
  </testcase> <!-- accountRegistration -->
</testsuite> <!-- Default test(failed) -->
