<?xml version="1.0" encoding="UTF-8"?>
<testng-results ignored="0" total="11" passed="9" failed="2" skipped="0">
  <reporter-output>
  </reporter-output>
  <suite started-at="2024-06-30T21:44:20 IST" name="Suite" finished-at="2024-06-30T21:47:09 IST" duration-ms="168803">
    <groups>
    </groups>
    <test started-at="2024-06-30T21:44:20 IST" name="Test" finished-at="2024-06-30T21:47:09 IST" duration-ms="168803">
      <class name="testCases.TC_004_LoginDDT">
        <test-method is-config="true" signature="setUp(java.lang.String,java.lang.String)[pri:0, instance:testCases.TC_004_LoginDDT@ed3068a]" started-at="2024-06-30T21:44:21 IST" name="setUp" finished-at="2024-06-30T21:45:04 IST" duration-ms="43137" status="PASS">
          <params>
            <param index="0">
              <value>
                <![CDATA[Windows]]>
              </value>
            </param>
            <param index="1">
              <value>
                <![CDATA[chrome]]>
              </value>
            </param>
          </params>
          <reporter-output>
          </reporter-output>
        </test-method> <!-- setUp -->
        <test-method signature="validateLoginDDT(java.lang.String,java.lang.String,java.lang.String)[pri:0, instance:testCases.TC_004_LoginDDT@ed3068a]" started-at="2024-06-30T21:45:06 IST" name="validateLoginDDT" data-provider="LoginData" finished-at="2024-06-30T21:45:25 IST" duration-ms="19405" status="PASS">
          <params>
            <param index="0">
              <value>
                <![CDATA[Testing@gmail.com]]>
              </value>
            </param>
            <param index="1">
              <value>
                <![CDATA[Test@123]]>
              </value>
            </param>
            <param index="2">
              <value>
                <![CDATA[ValidData]]>
              </value>
            </param>
          </params>
          <reporter-output>
          </reporter-output>
        </test-method> <!-- validateLoginDDT -->
        <test-method signature="validateLoginDDT(java.lang.String,java.lang.String,java.lang.String)[pri:0, instance:testCases.TC_004_LoginDDT@ed3068a]" started-at="2024-06-30T21:45:26 IST" name="validateLoginDDT" data-provider="LoginData" finished-at="2024-06-30T21:45:35 IST" duration-ms="9509" status="PASS">
          <params>
            <param index="0">
              <value>
                <![CDATA[tester11@gmail.com]]>
              </value>
            </param>
            <param index="1">
              <value>
                <![CDATA[Test@123]]>
              </value>
            </param>
            <param index="2">
              <value>
                <![CDATA[ValidData]]>
              </value>
            </param>
          </params>
          <reporter-output>
          </reporter-output>
        </test-method> <!-- validateLoginDDT -->
        <test-method signature="validateLoginDDT(java.lang.String,java.lang.String,java.lang.String)[pri:0, instance:testCases.TC_004_LoginDDT@ed3068a]" started-at="2024-06-30T21:45:35 IST" name="validateLoginDDT" data-provider="LoginData" finished-at="2024-06-30T21:45:48 IST" duration-ms="12826" status="PASS">
          <params>
            <param index="0">
              <value>
                <![CDATA[qwerty@gmail.com]]>
              </value>
            </param>
            <param index="1">
              <value>
                <![CDATA[Test@1234]]>
              </value>
            </param>
            <param index="2">
              <value>
                <![CDATA[InvalidData]]>
              </value>
            </param>
          </params>
          <reporter-output>
          </reporter-output>
        </test-method> <!-- validateLoginDDT -->
        <test-method signature="validateLoginDDT(java.lang.String,java.lang.String,java.lang.String)[pri:0, instance:testCases.TC_004_LoginDDT@ed3068a]" started-at="2024-06-30T21:45:48 IST" name="validateLoginDDT" data-provider="LoginData" finished-at="2024-06-30T21:45:58 IST" duration-ms="10024" status="FAIL">
          <params>
            <param index="0">
              <value>
                <![CDATA[tester11@gmail.com]]>
              </value>
            </param>
            <param index="1">
              <value>
                <![CDATA[test@123]]>
              </value>
            </param>
            <param index="2">
              <value>
                <![CDATA[ValidData]]>
              </value>
            </param>
          </params>
          <exception class="java.lang.AssertionError">
            <message>
              <![CDATA[Test failed due to exception: no such element: Unable to locate element: {"method":"xpath","selector":"//a[@id='login-button']"}
  (Session info: chrome=126.0.6478.127)
For documentation on this error, please visit: https://www.selenium.dev/documentation/webdriver/troubleshooting/errors#no-such-element-exception
Build info: version: '4.22.0', revision: 'c5f3146703*'
System info: os.name: 'Windows 11', os.arch: 'amd64', os.version: '10.0', java.version: '21.0.1'
Driver info: org.openqa.selenium.chrome.ChromeDriver
Command: [bad5bd7c0cebf60489737add36606ad2, findElement {value=//a[@id='login-button'], using=xpath}]
Capabilities {acceptInsecureCerts: false, browserName: chrome, browserVersion: 126.0.6478.127, chrome: {chromedriverVersion: 126.0.6478.126 (d36ace6122e..., userDataDir: C:\Users\MS\AppData\Local\T...}, fedcm:accounts: true, goog:chromeOptions: {debuggerAddress: localhost:52085}, networkConnectionEnabled: false, pageLoadStrategy: normal, platformName: windows, proxy: Proxy(), se:cdp: ws://localhost:52085/devtoo..., se:cdpVersion: 126.0.6478.127, setWindowRect: true, strictFileInteractability: false, timeouts: {implicit: 0, pageLoad: 300000, script: 30000}, unhandledPromptBehavior: dismiss and notify, webauthn:extension:credBlob: true, webauthn:extension:largeBlob: true, webauthn:extension:minPinLength: true, webauthn:extension:prf: true, webauthn:virtualAuthenticators: true}
Session ID: bad5bd7c0cebf60489737add36606ad2]]>
            </message>
            <full-stacktrace>
              <![CDATA[java.lang.AssertionError: Test failed due to exception: no such element: Unable to locate element: {"method":"xpath","selector":"//a[@id='login-button']"}
  (Session info: chrome=126.0.6478.127)
For documentation on this error, please visit: https://www.selenium.dev/documentation/webdriver/troubleshooting/errors#no-such-element-exception
Build info: version: '4.22.0', revision: 'c5f3146703*'
System info: os.name: 'Windows 11', os.arch: 'amd64', os.version: '10.0', java.version: '21.0.1'
Driver info: org.openqa.selenium.chrome.ChromeDriver
Command: [bad5bd7c0cebf60489737add36606ad2, findElement {value=//a[@id='login-button'], using=xpath}]
Capabilities {acceptInsecureCerts: false, browserName: chrome, browserVersion: 126.0.6478.127, chrome: {chromedriverVersion: 126.0.6478.126 (d36ace6122e..., userDataDir: C:\Users\MS\AppData\Local\T...}, fedcm:accounts: true, goog:chromeOptions: {debuggerAddress: localhost:52085}, networkConnectionEnabled: false, pageLoadStrategy: normal, platformName: windows, proxy: Proxy(), se:cdp: ws://localhost:52085/devtoo..., se:cdpVersion: 126.0.6478.127, setWindowRect: true, strictFileInteractability: false, timeouts: {implicit: 0, pageLoad: 300000, script: 30000}, unhandledPromptBehavior: dismiss and notify, webauthn:extension:credBlob: true, webauthn:extension:largeBlob: true, webauthn:extension:minPinLength: true, webauthn:extension:prf: true, webauthn:virtualAuthenticators: true}
Session ID: bad5bd7c0cebf60489737add36606ad2
at org.testng.Assert.fail(Assert.java:111)
at testCases.TC_004_LoginDDT.validateLoginDDT(TC_004_LoginDDT.java:93)
at java.base/jdk.internal.reflect.DirectMethodHandleAccessor.invoke(DirectMethodHandleAccessor.java:103)
at java.base/java.lang.reflect.Method.invoke(Method.java:580)
at org.testng.internal.invokers.MethodInvocationHelper.invokeMethod(MethodInvocationHelper.java:139)
at org.testng.internal.invokers.TestInvoker.invokeMethod(TestInvoker.java:664)
at org.testng.internal.invokers.TestInvoker.invokeTestMethod(TestInvoker.java:227)
at org.testng.internal.invokers.MethodRunner.runInSequence(MethodRunner.java:50)
at org.testng.internal.invokers.TestInvoker$MethodInvocationAgent.invoke(TestInvoker.java:957)
at org.testng.internal.invokers.TestInvoker.invokeTestMethods(TestInvoker.java:200)
at org.testng.internal.invokers.TestMethodWorker.invokeTestMethods(TestMethodWorker.java:148)
at org.testng.internal.invokers.TestMethodWorker.run(TestMethodWorker.java:128)
at java.base/java.util.ArrayList.forEach(ArrayList.java:1596)
at org.testng.TestRunner.privateRun(TestRunner.java:848)
at org.testng.TestRunner.run(TestRunner.java:621)
at org.testng.SuiteRunner.runTest(SuiteRunner.java:443)
at org.testng.SuiteRunner.runSequentially(SuiteRunner.java:437)
at org.testng.SuiteRunner.privateRun(SuiteRunner.java:397)
at org.testng.SuiteRunner.run(SuiteRunner.java:336)
at org.testng.SuiteRunnerWorker.runSuite(SuiteRunnerWorker.java:52)
at org.testng.SuiteRunnerWorker.run(SuiteRunnerWorker.java:95)
at org.testng.TestNG.runSuitesSequentially(TestNG.java:1280)
at org.testng.TestNG.runSuitesLocally(TestNG.java:1200)
at org.testng.TestNG.runSuites(TestNG.java:1114)
at org.testng.TestNG.run(TestNG.java:1082)
at org.testng.remote.AbstractRemoteTestNG.run(AbstractRemoteTestNG.java:115)
at org.testng.remote.RemoteTestNG.initAndRun(RemoteTestNG.java:251)
at org.testng.remote.RemoteTestNG.main(RemoteTestNG.java:77)
]]>
            </full-stacktrace>
          </exception> <!-- java.lang.AssertionError -->
          <reporter-output>
          </reporter-output>
        </test-method> <!-- validateLoginDDT -->
        <test-method signature="validateLoginDDT(java.lang.String,java.lang.String,java.lang.String)[pri:0, instance:testCases.TC_004_LoginDDT@ed3068a]" started-at="2024-06-30T21:45:58 IST" name="validateLoginDDT" data-provider="LoginData" finished-at="2024-06-30T21:46:08 IST" duration-ms="10035" status="PASS">
          <params>
            <param index="0">
              <value>
                <![CDATA[tester11gmail@.com]]>
              </value>
            </param>
            <param index="1">
              <value>
                <![CDATA[Test@123]]>
              </value>
            </param>
            <param index="2">
              <value>
                <![CDATA[InvalidData]]>
              </value>
            </param>
          </params>
          <reporter-output>
          </reporter-output>
        </test-method> <!-- validateLoginDDT -->
        <test-method signature="validateLoginDDT(java.lang.String,java.lang.String,java.lang.String)[pri:0, instance:testCases.TC_004_LoginDDT@ed3068a]" started-at="2024-06-30T21:46:08 IST" name="validateLoginDDT" data-provider="LoginData" finished-at="2024-06-30T21:46:18 IST" duration-ms="10031" status="PASS">
          <params>
            <param index="0">
              <value>
                <![CDATA[tester11@gmail.com]]>
              </value>
            </param>
            <param index="1">
              <value>
                <![CDATA[]]>
              </value>
            </param>
            <param index="2">
              <value>
                <![CDATA[InvalidData]]>
              </value>
            </param>
          </params>
          <reporter-output>
          </reporter-output>
        </test-method> <!-- validateLoginDDT -->
        <test-method signature="validateLoginDDT(java.lang.String,java.lang.String,java.lang.String)[pri:0, instance:testCases.TC_004_LoginDDT@ed3068a]" started-at="2024-06-30T21:46:18 IST" name="validateLoginDDT" data-provider="LoginData" finished-at="2024-06-30T21:46:28 IST" duration-ms="10037" status="PASS">
          <params>
            <param index="0">
              <value>
                <![CDATA[]]>
              </value>
            </param>
            <param index="1">
              <value>
                <![CDATA[Test@123]]>
              </value>
            </param>
            <param index="2">
              <value>
                <![CDATA[InvalidData]]>
              </value>
            </param>
          </params>
          <reporter-output>
          </reporter-output>
        </test-method> <!-- validateLoginDDT -->
        <test-method signature="validateLoginDDT(java.lang.String,java.lang.String,java.lang.String)[pri:0, instance:testCases.TC_004_LoginDDT@ed3068a]" started-at="2024-06-30T21:46:28 IST" name="validateLoginDDT" data-provider="LoginData" finished-at="2024-06-30T21:46:38 IST" duration-ms="10070" status="PASS">
          <params>
            <param index="0">
              <value>
                <![CDATA[tester11@gmail.com OR '1'='1]]>
              </value>
            </param>
            <param index="1">
              <value>
                <![CDATA[Test@123]]>
              </value>
            </param>
            <param index="2">
              <value>
                <![CDATA[InvalidData]]>
              </value>
            </param>
          </params>
          <reporter-output>
          </reporter-output>
        </test-method> <!-- validateLoginDDT -->
        <test-method signature="validateLoginDDT(java.lang.String,java.lang.String,java.lang.String)[pri:0, instance:testCases.TC_004_LoginDDT@ed3068a]" started-at="2024-06-30T21:46:38 IST" name="validateLoginDDT" data-provider="LoginData" finished-at="2024-06-30T21:46:48 IST" duration-ms="10053" status="PASS">
          <params>
            <param index="0">
              <value>
                <![CDATA[tester11@gmail.  com]]>
              </value>
            </param>
            <param index="1">
              <value>
                <![CDATA[Test@123]]>
              </value>
            </param>
            <param index="2">
              <value>
                <![CDATA[InvalidData]]>
              </value>
            </param>
          </params>
          <reporter-output>
          </reporter-output>
        </test-method> <!-- validateLoginDDT -->
        <test-method signature="validateLoginDDT(java.lang.String,java.lang.String,java.lang.String)[pri:0, instance:testCases.TC_004_LoginDDT@ed3068a]" started-at="2024-06-30T21:46:48 IST" name="validateLoginDDT" data-provider="LoginData" finished-at="2024-06-30T21:46:58 IST" duration-ms="10022" status="PASS">
          <params>
            <param index="0">
              <value>
                <![CDATA[tester11@gmail.       com    ]]>
              </value>
            </param>
            <param index="1">
              <value>
                <![CDATA[Test@123]]>
              </value>
            </param>
            <param index="2">
              <value>
                <![CDATA[InvalidData]]>
              </value>
            </param>
          </params>
          <reporter-output>
          </reporter-output>
        </test-method> <!-- validateLoginDDT -->
        <test-method signature="validateLoginDDT(java.lang.String,java.lang.String,java.lang.String)[pri:0, instance:testCases.TC_004_LoginDDT@ed3068a]" started-at="2024-06-30T21:46:58 IST" name="validateLoginDDT" data-provider="LoginData" finished-at="2024-06-30T21:47:08 IST" duration-ms="10055" status="FAIL">
          <params>
            <param index="0">
              <value>
                <![CDATA[123456@gmail.com]]>
              </value>
            </param>
            <param index="1">
              <value>
                <![CDATA[Test@123]]>
              </value>
            </param>
            <param index="2">
              <value>
                <![CDATA[ValidData]]>
              </value>
            </param>
          </params>
          <exception class="java.lang.AssertionError">
            <message>
              <![CDATA[Test failed due to exception: no such element: Unable to locate element: {"method":"xpath","selector":"//a[@id='login-button']"}
  (Session info: chrome=126.0.6478.127)
For documentation on this error, please visit: https://www.selenium.dev/documentation/webdriver/troubleshooting/errors#no-such-element-exception
Build info: version: '4.22.0', revision: 'c5f3146703*'
System info: os.name: 'Windows 11', os.arch: 'amd64', os.version: '10.0', java.version: '21.0.1'
Driver info: org.openqa.selenium.chrome.ChromeDriver
Command: [bad5bd7c0cebf60489737add36606ad2, findElement {value=//a[@id='login-button'], using=xpath}]
Capabilities {acceptInsecureCerts: false, browserName: chrome, browserVersion: 126.0.6478.127, chrome: {chromedriverVersion: 126.0.6478.126 (d36ace6122e..., userDataDir: C:\Users\MS\AppData\Local\T...}, fedcm:accounts: true, goog:chromeOptions: {debuggerAddress: localhost:52085}, networkConnectionEnabled: false, pageLoadStrategy: normal, platformName: windows, proxy: Proxy(), se:cdp: ws://localhost:52085/devtoo..., se:cdpVersion: 126.0.6478.127, setWindowRect: true, strictFileInteractability: false, timeouts: {implicit: 0, pageLoad: 300000, script: 30000}, unhandledPromptBehavior: dismiss and notify, webauthn:extension:credBlob: true, webauthn:extension:largeBlob: true, webauthn:extension:minPinLength: true, webauthn:extension:prf: true, webauthn:virtualAuthenticators: true}
Session ID: bad5bd7c0cebf60489737add36606ad2]]>
            </message>
            <full-stacktrace>
              <![CDATA[java.lang.AssertionError: Test failed due to exception: no such element: Unable to locate element: {"method":"xpath","selector":"//a[@id='login-button']"}
  (Session info: chrome=126.0.6478.127)
For documentation on this error, please visit: https://www.selenium.dev/documentation/webdriver/troubleshooting/errors#no-such-element-exception
Build info: version: '4.22.0', revision: 'c5f3146703*'
System info: os.name: 'Windows 11', os.arch: 'amd64', os.version: '10.0', java.version: '21.0.1'
Driver info: org.openqa.selenium.chrome.ChromeDriver
Command: [bad5bd7c0cebf60489737add36606ad2, findElement {value=//a[@id='login-button'], using=xpath}]
Capabilities {acceptInsecureCerts: false, browserName: chrome, browserVersion: 126.0.6478.127, chrome: {chromedriverVersion: 126.0.6478.126 (d36ace6122e..., userDataDir: C:\Users\MS\AppData\Local\T...}, fedcm:accounts: true, goog:chromeOptions: {debuggerAddress: localhost:52085}, networkConnectionEnabled: false, pageLoadStrategy: normal, platformName: windows, proxy: Proxy(), se:cdp: ws://localhost:52085/devtoo..., se:cdpVersion: 126.0.6478.127, setWindowRect: true, strictFileInteractability: false, timeouts: {implicit: 0, pageLoad: 300000, script: 30000}, unhandledPromptBehavior: dismiss and notify, webauthn:extension:credBlob: true, webauthn:extension:largeBlob: true, webauthn:extension:minPinLength: true, webauthn:extension:prf: true, webauthn:virtualAuthenticators: true}
Session ID: bad5bd7c0cebf60489737add36606ad2
at org.testng.Assert.fail(Assert.java:111)
at testCases.TC_004_LoginDDT.validateLoginDDT(TC_004_LoginDDT.java:93)
at java.base/jdk.internal.reflect.DirectMethodHandleAccessor.invoke(DirectMethodHandleAccessor.java:103)
at java.base/java.lang.reflect.Method.invoke(Method.java:580)
at org.testng.internal.invokers.MethodInvocationHelper.invokeMethod(MethodInvocationHelper.java:139)
at org.testng.internal.invokers.TestInvoker.invokeMethod(TestInvoker.java:664)
at org.testng.internal.invokers.TestInvoker.invokeTestMethod(TestInvoker.java:227)
at org.testng.internal.invokers.MethodRunner.runInSequence(MethodRunner.java:50)
at org.testng.internal.invokers.TestInvoker$MethodInvocationAgent.invoke(TestInvoker.java:957)
at org.testng.internal.invokers.TestInvoker.invokeTestMethods(TestInvoker.java:200)
at org.testng.internal.invokers.TestMethodWorker.invokeTestMethods(TestMethodWorker.java:148)
at org.testng.internal.invokers.TestMethodWorker.run(TestMethodWorker.java:128)
at java.base/java.util.ArrayList.forEach(ArrayList.java:1596)
at org.testng.TestRunner.privateRun(TestRunner.java:848)
at org.testng.TestRunner.run(TestRunner.java:621)
at org.testng.SuiteRunner.runTest(SuiteRunner.java:443)
at org.testng.SuiteRunner.runSequentially(SuiteRunner.java:437)
at org.testng.SuiteRunner.privateRun(SuiteRunner.java:397)
at org.testng.SuiteRunner.run(SuiteRunner.java:336)
at org.testng.SuiteRunnerWorker.runSuite(SuiteRunnerWorker.java:52)
at org.testng.SuiteRunnerWorker.run(SuiteRunnerWorker.java:95)
at org.testng.TestNG.runSuitesSequentially(TestNG.java:1280)
at org.testng.TestNG.runSuitesLocally(TestNG.java:1200)
at org.testng.TestNG.runSuites(TestNG.java:1114)
at org.testng.TestNG.run(TestNG.java:1082)
at org.testng.remote.AbstractRemoteTestNG.run(AbstractRemoteTestNG.java:115)
at org.testng.remote.RemoteTestNG.initAndRun(RemoteTestNG.java:251)
at org.testng.remote.RemoteTestNG.main(RemoteTestNG.java:77)
]]>
            </full-stacktrace>
          </exception> <!-- java.lang.AssertionError -->
          <reporter-output>
          </reporter-output>
        </test-method> <!-- validateLoginDDT -->
        <test-method is-config="true" signature="tearDown()[pri:0, instance:testCases.TC_004_LoginDDT@ed3068a]" started-at="2024-06-30T21:47:08 IST" name="tearDown" finished-at="2024-06-30T21:47:09 IST" duration-ms="839" status="PASS">
          <reporter-output>
          </reporter-output>
        </test-method> <!-- tearDown -->
      </class> <!-- testCases.TC_004_LoginDDT -->
    </test> <!-- Test -->
  </suite> <!-- Suite -->
</testng-results>
